[debug] [2024-02-10T23:31:06.258Z] ----------------------------------------------------------------------
[debug] [2024-02-10T23:31:06.259Z] Command:       /home/john/.nvm/versions/node/v18.18.2/bin/node /home/john/.nvm/versions/node/v18.18.2/bin/firebase deploy --only hosting
[debug] [2024-02-10T23:31:06.259Z] CLI Version:   13.2.1
[debug] [2024-02-10T23:31:06.260Z] Platform:      linux
[debug] [2024-02-10T23:31:06.260Z] Node Version:  v18.18.2
[debug] [2024-02-10T23:31:06.260Z] Time:          Sat Feb 10 2024 15:31:06 GMT-0800 (Pacific Standard Time)
[debug] [2024-02-10T23:31:06.260Z] ----------------------------------------------------------------------
[debug] 
[debug] [2024-02-10T23:31:06.326Z] > command requires scopes: ["email","openid","https://www.googleapis.com/auth/cloudplatformprojects.readonly","https://www.googleapis.com/auth/firebase","https://www.googleapis.com/auth/cloud-platform"]
[debug] [2024-02-10T23:31:06.327Z] > authorizing via signed-in user (thejohnpage@gmail.com)
[debug] [2024-02-10T23:31:06.327Z] [iam] checking project comm-acc-demo for permissions ["firebase.projects.get","firebasehosting.sites.update"]
[debug] [2024-02-10T23:31:06.328Z] > refreshing access token with scopes: []
[debug] [2024-02-10T23:31:06.331Z] >>> [apiv2][query] POST https://www.googleapis.com/oauth2/v3/token [none]
[debug] [2024-02-10T23:31:06.332Z] >>> [apiv2][body] POST https://www.googleapis.com/oauth2/v3/token [omitted]
[debug] [2024-02-10T23:31:06.717Z] <<< [apiv2][status] POST https://www.googleapis.com/oauth2/v3/token 200
[debug] [2024-02-10T23:31:06.719Z] <<< [apiv2][body] POST https://www.googleapis.com/oauth2/v3/token [omitted]
[debug] [2024-02-10T23:31:06.735Z] >>> [apiv2][query] POST https://cloudresourcemanager.googleapis.com/v1/projects/comm-acc-demo:testIamPermissions [none]
[debug] [2024-02-10T23:31:06.735Z] >>> [apiv2][(partial)header] POST https://cloudresourcemanager.googleapis.com/v1/projects/comm-acc-demo:testIamPermissions x-goog-quota-user=projects/comm-acc-demo
[debug] [2024-02-10T23:31:06.736Z] >>> [apiv2][body] POST https://cloudresourcemanager.googleapis.com/v1/projects/comm-acc-demo:testIamPermissions {"permissions":["firebase.projects.get","firebasehosting.sites.update"]}
[debug] [2024-02-10T23:31:07.087Z] <<< [apiv2][status] POST https://cloudresourcemanager.googleapis.com/v1/projects/comm-acc-demo:testIamPermissions 200
[debug] [2024-02-10T23:31:07.087Z] <<< [apiv2][body] POST https://cloudresourcemanager.googleapis.com/v1/projects/comm-acc-demo:testIamPermissions {"permissions":["firebase.projects.get","firebasehosting.sites.update"]}
[debug] [2024-02-10T23:31:07.090Z] >>> [apiv2][query] GET https://firebase.googleapis.com/v1beta1/projects/comm-acc-demo [none]
[debug] [2024-02-10T23:31:07.485Z] <<< [apiv2][status] GET https://firebase.googleapis.com/v1beta1/projects/comm-acc-demo 200
[debug] [2024-02-10T23:31:07.485Z] <<< [apiv2][body] GET https://firebase.googleapis.com/v1beta1/projects/comm-acc-demo {"projectId":"comm-acc-demo","projectNumber":"470157603894","displayName":"comm-acc-demo","name":"projects/comm-acc-demo","resources":{"hostingSite":"comm-acc-demo","storageBucket":"comm-acc-demo.appspot.com","locationId":"us-central"},"state":"ACTIVE","etag":"1_c373b3f2-8397-4b95-87cd-f7fd05720a13"}
[info] 
[info] === Deploying to 'comm-acc-demo'...
[info] 
[info] i  deploying hosting 
[debug] [2024-02-10T23:31:07.490Z] >>> [apiv2][query] POST https://firebasehosting.googleapis.com/v1beta1/projects/-/sites/comm-acc-dash-004-admin/versions [none]
[debug] [2024-02-10T23:31:07.490Z] >>> [apiv2][body] POST https://firebasehosting.googleapis.com/v1beta1/projects/-/sites/comm-acc-dash-004-admin/versions {"status":"CREATED","labels":{"deployment-tool":"cli-firebase"}}
